# JRE version: OpenJDK Runtime Environment (8.0_242-b01) (build 1.8.0_242-release-1644-b01)
# Java VM: OpenJDK 64-Bit Server VM (25.242-b01 mixed mode windows-amd64 compressed oops)
Heap:
 PSYoungGen      total 298496K, used 282514K [0x00000000d5580000, 0x00000000ebd00000, 0x0000000100000000)
  eden space 275968K, 94% used [0x00000000d5580000,0x00000000e53670c0,0x00000000e6300000)
  from space 22528K, 99% used [0x00000000e6300000,0x00000000e78fd928,0x00000000e7900000)
  to   space 29696K, 99% used [0x00000000ea000000,0x00000000ebcfe3b0,0x00000000ebd00000)
 ParOldGen       total 305152K, used 60687K [0x0000000080000000, 0x0000000092a00000, 0x00000000d5580000)
  object space 305152K, 19% used [0x0000000080000000,0x0000000083b43cf8,0x0000000092a00000)
 Metaspace       used 94261K, capacity 98498K, committed 98600K, reserved 1134592K
  class space    used 12518K, capacity 13305K, committed 13360K, reserved 1048576K
GC Heap History (10 events):
Event: 9.139 GC heap after
Heap after GC invocations=8 (full 2):
 PSYoungGen      total 209408K, used 12788K [0x00000000d5580000, 0x00000000e5480000, 0x0000000100000000)
  eden space 196608K, 0% used [0x00000000d5580000,0x00000000d5580000,0x00000000e1580000)
  from space 12800K, 99% used [0x00000000e2380000,0x00000000e2ffd3a8,0x00000000e3000000)
  to   space 14336K, 0% used [0x00000000e1580000,0x00000000e1580000,0x00000000e2380000)
 ParOldGen       total 203776K, used 17603K [0x0000000080000000, 0x000000008c700000, 0x00000000d5580000)
  object space 203776K, 8% used [0x0000000080000000,0x0000000081130d60,0x000000008c700000)
 Metaspace       used 43700K, capacity 45486K, committed 45736K, reserved 1089536K
  class space    used 5910K, capacity 6313K, committed 6320K, reserved 1048576K
}
Event: 11.461 GC heap before
{Heap before GC invocations=9 (full 2):
 PSYoungGen      total 209408K, used 176729K [0x00000000d5580000, 0x00000000e5480000, 0x0000000100000000)
  eden space 196608K, 83% used [0x00000000d5580000,0x00000000df599370,0x00000000e1580000)
  from space 12800K, 99% used [0x00000000e2380000,0x00000000e2ffd3a8,0x00000000e3000000)
  to   space 14336K, 0% used [0x00000000e1580000,0x00000000e1580000,0x00000000e2380000)
 ParOldGen       total 203776K, used 17603K [0x0000000080000000, 0x000000008c700000, 0x00000000d5580000)
  object space 203776K, 8% used [0x0000000080000000,0x0000000081130d60,0x000000008c700000)
 Metaspace       used 56695K, capacity 59048K, committed 59160K, reserved 1099776K
  class space    used 7758K, capacity 8269K, committed 8368K, reserved 1048576K
Event: 11.490 GC heap after
Heap after GC invocations=9 (full 2):
 PSYoungGen      total 210944K, used 14332K [0x00000000d5580000, 0x00000000e9400000, 0x0000000100000000)
  eden space 196608K, 0% used [0x00000000d5580000,0x00000000d5580000,0x00000000e1580000)
  from space 14336K, 99% used [0x00000000e1580000,0x00000000e237f320,0x00000000e2380000)
  to   space 21504K, 0% used [0x00000000e7f00000,0x00000000e7f00000,0x00000000e9400000)
 ParOldGen       total 203776K, used 29259K [0x0000000080000000, 0x000000008c700000, 0x00000000d5580000)
  object space 203776K, 14% used [0x0000000080000000,0x0000000081c92d68,0x000000008c700000)
 Metaspace       used 56695K, capacity 59048K, committed 59160K, reserved 1099776K
  class space    used 7758K, capacity 8269K, committed 8368K, reserved 1048576K
}
Event: 11.490 GC heap before
{Heap before GC invocations=10 (full 3):
 PSYoungGen      total 210944K, used 14332K [0x00000000d5580000, 0x00000000e9400000, 0x0000000100000000)
  eden space 196608K, 0% used [0x00000000d5580000,0x00000000d5580000,0x00000000e1580000)
  from space 14336K, 99% used [0x00000000e1580000,0x00000000e237f320,0x00000000e2380000)
  to   space 21504K, 0% used [0x00000000e7f00000,0x00000000e7f00000,0x00000000e9400000)
 ParOldGen       total 203776K, used 29259K [0x0000000080000000, 0x000000008c700000, 0x00000000d5580000)
  object space 203776K, 14% used [0x0000000080000000,0x0000000081c92d68,0x000000008c700000)
 Metaspace       used 56695K, capacity 59048K, committed 59160K, reserved 1099776K
  class space    used 7758K, capacity 8269K, committed 8368K, reserved 1048576K
Event: 11.677 GC heap after
Heap after GC invocations=10 (full 3):
 PSYoungGen      total 210944K, used 0K [0x00000000d5580000, 0x00000000e9400000, 0x0000000100000000)
  eden space 196608K, 0% used [0x00000000d5580000,0x00000000d5580000,0x00000000e1580000)
  from space 14336K, 0% used [0x00000000e1580000,0x00000000e1580000,0x00000000e2380000)
  to   space 21504K, 0% used [0x00000000e7f00000,0x00000000e7f00000,0x00000000e9400000)
 ParOldGen       total 305152K, used 37740K [0x0000000080000000, 0x0000000092a00000, 0x00000000d5580000)
  object space 305152K, 12% used [0x0000000080000000,0x00000000824db058,0x0000000092a00000)
 Metaspace       used 56675K, capacity 58982K, committed 59160K, reserved 1099776K
  class space    used 7752K, capacity 8258K, committed 8368K, reserved 1048576K
}
Event: 14.966 GC heap before
{Heap before GC invocations=11 (full 3):
 PSYoungGen      total 210944K, used 196608K [0x00000000d5580000, 0x00000000e9400000, 0x0000000100000000)
  eden space 196608K, 100% used [0x00000000d5580000,0x00000000e1580000,0x00000000e1580000)
  from space 14336K, 0% used [0x00000000e1580000,0x00000000e1580000,0x00000000e2380000)
  to   space 21504K, 0% used [0x00000000e7f00000,0x00000000e7f00000,0x00000000e9400000)
 ParOldGen       total 305152K, used 37740K [0x0000000080000000, 0x0000000092a00000, 0x00000000d5580000)
  object space 305152K, 12% used [0x0000000080000000,0x00000000824db058,0x0000000092a00000)
 Metaspace       used 63601K, capacity 66466K, committed 66728K, reserved 1105920K
  class space    used 8738K, capacity 9334K, committed 9392K, reserved 1048576K
Event: 14.996 GC heap after
Heap after GC invocations=11 (full 3):
 PSYoungGen      total 275968K, used 16326K [0x00000000d5580000, 0x00000000e8f00000, 0x0000000100000000)
  eden space 259584K, 0% used [0x00000000d5580000,0x00000000d5580000,0x00000000e5300000)
  from space 16384K, 99% used [0x00000000e7f00000,0x00000000e8ef1800,0x00000000e8f00000)
  to   space 22528K, 0% used [0x00000000e6300000,0x00000000e6300000,0x00000000e7900000)
 ParOldGen       total 305152K, used 37748K [0x0000000080000000, 0x0000000092a00000, 0x00000000d5580000)
  object space 305152K, 12% used [0x0000000080000000,0x00000000824dd058,0x0000000092a00000)
 Metaspace       used 63601K, capacity 66466K, committed 66728K, reserved 1105920K
  class space    used 8738K, capacity 9334K, committed 9392K, reserved 1048576K
}
Event: 20.517 GC heap before
{Heap before GC invocations=12 (full 3):
 PSYoungGen      total 275968K, used 275910K [0x00000000d5580000, 0x00000000e8f00000, 0x0000000100000000)
  eden space 259584K, 100% used [0x00000000d5580000,0x00000000e5300000,0x00000000e5300000)
  from space 16384K, 99% used [0x00000000e7f00000,0x00000000e8ef1800,0x00000000e8f00000)
  to   space 22528K, 0% used [0x00000000e6300000,0x00000000e6300000,0x00000000e7900000)
 ParOldGen       total 305152K, used 37748K [0x0000000080000000, 0x0000000092a00000, 0x00000000d5580000)
  object space 305152K, 12% used [0x0000000080000000,0x00000000824dd058,0x0000000092a00000)
 Metaspace       used 77425K, capacity 80650K, committed 80936K, reserved 1120256K
  class space    used 10335K, capacity 11011K, committed 11056K, reserved 1048576K
Event: 20.576 GC heap after
Heap after GC invocations=12 (full 3):
 PSYoungGen      total 298496K, used 22518K [0x00000000d5580000, 0x00000000ebd00000, 0x0000000100000000)
  eden space 275968K, 0% used [0x00000000d5580000,0x00000000d5580000,0x00000000e6300000)
  from space 22528K, 99% used [0x00000000e6300000,0x00000000e78fd928,0x00000000e7900000)
  to   space 29696K, 0% used [0x00000000ea000000,0x00000000ea000000,0x00000000ebd00000)
 ParOldGen       total 305152K, used 48342K [0x0000000080000000, 0x0000000092a00000, 0x00000000d5580000)
  object space 305152K, 15% used [0x0000000080000000,0x0000000082f35a58,0x0000000092a00000)
 Metaspace       used 77425K, capacity 80650K, committed 80936K, reserved 1120256K
  class space    used 10335K, capacity 11011K, committed 11056K, reserved 1048576K
}
Event: 1200.423 GC heap before
{Heap before GC invocations=13 (full 3):
 PSYoungGen      total 298496K, used 282514K [0x00000000d5580000, 0x00000000ebd00000, 0x0000000100000000)
  eden space 275968K, 94% used [0x00000000d5580000,0x00000000e53670c0,0x00000000e6300000)
  from space 22528K, 99% used [0x00000000e6300000,0x00000000e78fd928,0x00000000e7900000)
  to   space 29696K, 0% used [0x00000000ea000000,0x00000000ea000000,0x00000000ebd00000)
 ParOldGen       total 305152K, used 48342K [0x0000000080000000, 0x0000000092a00000, 0x00000000d5580000)
  object space 305152K, 15% used [0x0000000080000000,0x0000000082f35a58,0x0000000092a00000)
 Metaspace       used 94261K, capacity 98498K, committed 98600K, reserved 1134592K
  class space    used 12518K, capacity 13305K, committed 13360K, reserved 1048576K

